<?xml version="1.0" encoding="UTF-8"?>
<testsuite name="NokianTyresWebTests" tests="1" skipped="0" failures="0" errors="0" timestamp="2022-04-06T07:27:53" hostname="LAPTOP-HONOR" time="28.586">
  <properties/>
  <testcase name="openPageGuarantee()" classname="NokianTyresWebTests" time="28.586"/>
  <system-out><![CDATA[]]></system-out>
  <system-err><![CDATA[[Test worker] INFO com.codeborne.selenide.impl.WebDriverThreadLocalContainer - No webdriver is bound to current thread: 14 - let's create a new webdriver
апр. 06, 2022 10:27:53 AM org.openqa.selenium.remote.tracing.opentelemetry.OpenTelemetryTracer createTracer
INFO: Using OpenTelemetry for tracing
апр. 06, 2022 10:28:03 AM org.openqa.selenium.remote.ProtocolHandshake createSession
INFO: Detected dialect: W3C
[Test worker] INFO com.codeborne.selenide.webdriver.BrowserResizer - Set browser size to 1920x1080
[Test worker] INFO com.codeborne.selenide.webdriver.WebDriverFactory - BrowserName=chrome Version=100.0.4896.60 Platform=LINUX
[Test worker] INFO com.codeborne.selenide.webdriver.WebDriverFactory - Selenide v. 6.3.4
[Test worker] INFO com.codeborne.selenide.webdriver.WebDriverFactory - Selenium WebDriver v. 4.1.2 build revision: 9a5a329c5a
[Test worker] INFO com.codeborne.selenide.drivercommands.CreateDriverCommand - Created webdriver in thread 14: RemoteWebDriver -> RemoteWebDriver: chrome on LINUX (312bca0cdc4c9bd8625c420011124dfc)
[Test worker] INFO com.codeborne.selenide.impl.Plugins - Using implementation of com.codeborne.selenide.impl.DownloadFileToFolder: org.selenide.selenoid.DownloadFileInSelenoid
[Test worker] INFO com.codeborne.selenide.drivercommands.CloseDriverCommand - Close webdriver: 14 -> RemoteWebDriver: chrome on LINUX (312bca0cdc4c9bd8625c420011124dfc)...
[Test worker] INFO com.codeborne.selenide.drivercommands.CloseDriverCommand - Closed webdriver 14 in 238 ms
]]></system-err>
</testsuite>
